###############################################################
#  Generated by:      Cadence Innovus 20.11-s130_1
#  OS:                Linux x86_64(Host ID fatima.novalocal)
#  Generated on:      Mon Jan  6 22:38:29 2025
#  Design:            BATCHARGERctr
#  Command:           checkDesign -all
###############################################################
Design: BATCHARGERctr

------ Design Summary:
Total Standard Cell Number   (cells) : 565
Total Block Cell Number      (cells) : 0
Total I/O Pad Cell Number    (cells) : 0
Total Standard Cell Area     ( um^2) : 3964.16
Total Block Cell Area        ( um^2) : 0.00
Total I/O Pad Cell Area      ( um^2) : 0.00

------ Design Statistics:

Number of Instances            : 565
Number of Non-uniquified Insts : 551
Number of Nets                 : 393
Average number of Pins per Net : 3.05
Maximum number of Pins in Net  : 24

------ I/O Port summary

Number of Primary I/O Ports    : 85
Number of Input Ports          : 78
Number of Output Ports         : 7
Number of Bidirectional Ports  : 0
Number of Power/Ground Ports   : 0



------------------------------------------------------------
Detail report:


------ I/O Pad/Port Checking

WARN : Port dvdd is floating in the top design.
WARN : Port dgnd is floating in the top design.

